<?xml version="1.0" encoding="UTF-8"?>
<testsuite xmlns:xsi="http://www.w3.org/2001/XMLSchema-instance" xsi:noNamespaceSchemaLocation="https://maven.apache.org/surefire/maven-surefire-plugin/xsd/surefire-test-report-3.0.xsd" version="3.0" name="TestSuite" time="8.809" tests="3" errors="0" skipped="2" failures="1">
  <properties>
    <property name="java.specification.version" value="19"/>
    <property name="sun.jnu.encoding" value="UTF-8"/>
    <property name="java.class.path" value="/Users/anna_kosolapova1/IdeaProjects/AnnaKosolapovaMobile/target/test-classes:/Users/anna_kosolapova1/IdeaProjects/AnnaKosolapovaMobile/target/classes:/Users/anna_kosolapova1/.m2/repository/io/appium/java-client/7.3.0/java-client-7.3.0.jar:/Users/anna_kosolapova1/.m2/repository/org/seleniumhq/selenium/selenium-java/3.141.59/selenium-java-3.141.59.jar:/Users/anna_kosolapova1/.m2/repository/org/seleniumhq/selenium/selenium-chrome-driver/3.141.59/selenium-chrome-driver-3.141.59.jar:/Users/anna_kosolapova1/.m2/repository/org/seleniumhq/selenium/selenium-edge-driver/3.141.59/selenium-edge-driver-3.141.59.jar:/Users/anna_kosolapova1/.m2/repository/org/seleniumhq/selenium/selenium-firefox-driver/3.141.59/selenium-firefox-driver-3.141.59.jar:/Users/anna_kosolapova1/.m2/repository/org/seleniumhq/selenium/selenium-ie-driver/3.141.59/selenium-ie-driver-3.141.59.jar:/Users/anna_kosolapova1/.m2/repository/org/seleniumhq/selenium/selenium-opera-driver/3.141.59/selenium-opera-driver-3.141.59.jar:/Users/anna_kosolapova1/.m2/repository/org/seleniumhq/selenium/selenium-remote-driver/3.141.59/selenium-remote-driver-3.141.59.jar:/Users/anna_kosolapova1/.m2/repository/org/seleniumhq/selenium/selenium-safari-driver/3.141.59/selenium-safari-driver-3.141.59.jar:/Users/anna_kosolapova1/.m2/repository/net/bytebuddy/byte-buddy/1.8.15/byte-buddy-1.8.15.jar:/Users/anna_kosolapova1/.m2/repository/org/apache/commons/commons-exec/1.3/commons-exec-1.3.jar:/Users/anna_kosolapova1/.m2/repository/com/google/guava/guava/25.0-jre/guava-25.0-jre.jar:/Users/anna_kosolapova1/.m2/repository/com/google/code/findbugs/jsr305/1.3.9/jsr305-1.3.9.jar:/Users/anna_kosolapova1/.m2/repository/org/checkerframework/checker-compat-qual/2.0.0/checker-compat-qual-2.0.0.jar:/Users/anna_kosolapova1/.m2/repository/com/google/errorprone/error_prone_annotations/2.1.3/error_prone_annotations-2.1.3.jar:/Users/anna_kosolapova1/.m2/repository/com/google/j2objc/j2objc-annotations/1.1/j2objc-annotations-1.1.jar:/Users/anna_kosolapova1/.m2/repository/org/codehaus/mojo/animal-sniffer-annotations/1.14/animal-sniffer-annotations-1.14.jar:/Users/anna_kosolapova1/.m2/repository/com/squareup/okhttp3/okhttp/3.11.0/okhttp-3.11.0.jar:/Users/anna_kosolapova1/.m2/repository/com/squareup/okio/okio/1.14.0/okio-1.14.0.jar:/Users/anna_kosolapova1/.m2/repository/org/seleniumhq/selenium/selenium-support/3.141.59/selenium-support-3.141.59.jar:/Users/anna_kosolapova1/.m2/repository/org/seleniumhq/selenium/selenium-api/3.141.59/selenium-api-3.141.59.jar:/Users/anna_kosolapova1/.m2/repository/com/google/code/gson/gson/2.8.5/gson-2.8.5.jar:/Users/anna_kosolapova1/.m2/repository/org/apache/httpcomponents/httpclient/4.5.9/httpclient-4.5.9.jar:/Users/anna_kosolapova1/.m2/repository/org/apache/httpcomponents/httpcore/4.4.11/httpcore-4.4.11.jar:/Users/anna_kosolapova1/.m2/repository/commons-logging/commons-logging/1.2/commons-logging-1.2.jar:/Users/anna_kosolapova1/.m2/repository/commons-codec/commons-codec/1.11/commons-codec-1.11.jar:/Users/anna_kosolapova1/.m2/repository/cglib/cglib/3.2.12/cglib-3.2.12.jar:/Users/anna_kosolapova1/.m2/repository/org/ow2/asm/asm/7.1/asm-7.1.jar:/Users/anna_kosolapova1/.m2/repository/commons-validator/commons-validator/1.6/commons-validator-1.6.jar:/Users/anna_kosolapova1/.m2/repository/commons-beanutils/commons-beanutils/1.9.2/commons-beanutils-1.9.2.jar:/Users/anna_kosolapova1/.m2/repository/commons-digester/commons-digester/1.8.1/commons-digester-1.8.1.jar:/Users/anna_kosolapova1/.m2/repository/commons-collections/commons-collections/3.2.2/commons-collections-3.2.2.jar:/Users/anna_kosolapova1/.m2/repository/org/apache/commons/commons-lang3/3.9/commons-lang3-3.9.jar:/Users/anna_kosolapova1/.m2/repository/commons-io/commons-io/2.6/commons-io-2.6.jar:/Users/anna_kosolapova1/.m2/repository/org/springframework/spring-context/5.1.8.RELEASE/spring-context-5.1.8.RELEASE.jar:/Users/anna_kosolapova1/.m2/repository/org/springframework/spring-aop/5.1.8.RELEASE/spring-aop-5.1.8.RELEASE.jar:/Users/anna_kosolapova1/.m2/repository/org/springframework/spring-beans/5.1.8.RELEASE/spring-beans-5.1.8.RELEASE.jar:/Users/anna_kosolapova1/.m2/repository/org/springframework/spring-core/5.1.8.RELEASE/spring-core-5.1.8.RELEASE.jar:/Users/anna_kosolapova1/.m2/repository/org/springframework/spring-jcl/5.1.8.RELEASE/spring-jcl-5.1.8.RELEASE.jar:/Users/anna_kosolapova1/.m2/repository/org/springframework/spring-expression/5.1.8.RELEASE/spring-expression-5.1.8.RELEASE.jar:/Users/anna_kosolapova1/.m2/repository/org/aspectj/aspectjweaver/1.9.4/aspectjweaver-1.9.4.jar:/Users/anna_kosolapova1/.m2/repository/org/slf4j/slf4j-api/1.7.26/slf4j-api-1.7.26.jar:/Users/anna_kosolapova1/.m2/repository/org/testng/testng/7.1.0/testng-7.1.0.jar:/Users/anna_kosolapova1/.m2/repository/com/beust/jcommander/1.72/jcommander-1.72.jar:/Users/anna_kosolapova1/.m2/repository/com/google/inject/guice/4.1.0/guice-4.1.0-no_aop.jar:/Users/anna_kosolapova1/.m2/repository/javax/inject/javax.inject/1/javax.inject-1.jar:/Users/anna_kosolapova1/.m2/repository/aopalliance/aopalliance/1.0/aopalliance-1.0.jar:/Users/anna_kosolapova1/.m2/repository/org/yaml/snakeyaml/1.21/snakeyaml-1.21.jar:/Users/anna_kosolapova1/.m2/repository/org/assertj/assertj-core/3.22.0/assertj-core-3.22.0.jar:"/>
    <property name="java.vm.vendor" value="Homebrew"/>
    <property name="sun.arch.data.model" value="64"/>
    <property name="java.vendor.url" value="https://github.com/Homebrew/homebrew-core/issues"/>
    <property name="user.timezone" value="Europe/Podgorica"/>
    <property name="os.name" value="Mac OS X"/>
    <property name="java.vm.specification.version" value="19"/>
    <property name="sun.java.launcher" value="SUN_STANDARD"/>
    <property name="user.country" value="US"/>
    <property name="sun.boot.library.path" value="/usr/local/Cellar/openjdk/19.0.2/libexec/openjdk.jdk/Contents/Home/lib"/>
    <property name="sun.java.command" value="/Users/anna_kosolapova1/IdeaProjects/AnnaKosolapovaMobile/target/surefire/surefirebooter-20230209193134971_3.jar /Users/anna_kosolapova1/IdeaProjects/AnnaKosolapovaMobile/target/surefire 2023-02-09T19-31-34_486-jvmRun1 surefire-20230209193134971_1tmp surefire_0-20230209193134971_2tmp"/>
    <property name="jdk.debug" value="release"/>
    <property name="ts.appium" value="http://localhost:4723/wd/hub"/>
    <property name="surefire.test.class.path" value="/Users/anna_kosolapova1/IdeaProjects/AnnaKosolapovaMobile/target/test-classes:/Users/anna_kosolapova1/IdeaProjects/AnnaKosolapovaMobile/target/classes:/Users/anna_kosolapova1/.m2/repository/io/appium/java-client/7.3.0/java-client-7.3.0.jar:/Users/anna_kosolapova1/.m2/repository/org/seleniumhq/selenium/selenium-java/3.141.59/selenium-java-3.141.59.jar:/Users/anna_kosolapova1/.m2/repository/org/seleniumhq/selenium/selenium-chrome-driver/3.141.59/selenium-chrome-driver-3.141.59.jar:/Users/anna_kosolapova1/.m2/repository/org/seleniumhq/selenium/selenium-edge-driver/3.141.59/selenium-edge-driver-3.141.59.jar:/Users/anna_kosolapova1/.m2/repository/org/seleniumhq/selenium/selenium-firefox-driver/3.141.59/selenium-firefox-driver-3.141.59.jar:/Users/anna_kosolapova1/.m2/repository/org/seleniumhq/selenium/selenium-ie-driver/3.141.59/selenium-ie-driver-3.141.59.jar:/Users/anna_kosolapova1/.m2/repository/org/seleniumhq/selenium/selenium-opera-driver/3.141.59/selenium-opera-driver-3.141.59.jar:/Users/anna_kosolapova1/.m2/repository/org/seleniumhq/selenium/selenium-remote-driver/3.141.59/selenium-remote-driver-3.141.59.jar:/Users/anna_kosolapova1/.m2/repository/org/seleniumhq/selenium/selenium-safari-driver/3.141.59/selenium-safari-driver-3.141.59.jar:/Users/anna_kosolapova1/.m2/repository/net/bytebuddy/byte-buddy/1.8.15/byte-buddy-1.8.15.jar:/Users/anna_kosolapova1/.m2/repository/org/apache/commons/commons-exec/1.3/commons-exec-1.3.jar:/Users/anna_kosolapova1/.m2/repository/com/google/guava/guava/25.0-jre/guava-25.0-jre.jar:/Users/anna_kosolapova1/.m2/repository/com/google/code/findbugs/jsr305/1.3.9/jsr305-1.3.9.jar:/Users/anna_kosolapova1/.m2/repository/org/checkerframework/checker-compat-qual/2.0.0/checker-compat-qual-2.0.0.jar:/Users/anna_kosolapova1/.m2/repository/com/google/errorprone/error_prone_annotations/2.1.3/error_prone_annotations-2.1.3.jar:/Users/anna_kosolapova1/.m2/repository/com/google/j2objc/j2objc-annotations/1.1/j2objc-annotations-1.1.jar:/Users/anna_kosolapova1/.m2/repository/org/codehaus/mojo/animal-sniffer-annotations/1.14/animal-sniffer-annotations-1.14.jar:/Users/anna_kosolapova1/.m2/repository/com/squareup/okhttp3/okhttp/3.11.0/okhttp-3.11.0.jar:/Users/anna_kosolapova1/.m2/repository/com/squareup/okio/okio/1.14.0/okio-1.14.0.jar:/Users/anna_kosolapova1/.m2/repository/org/seleniumhq/selenium/selenium-support/3.141.59/selenium-support-3.141.59.jar:/Users/anna_kosolapova1/.m2/repository/org/seleniumhq/selenium/selenium-api/3.141.59/selenium-api-3.141.59.jar:/Users/anna_kosolapova1/.m2/repository/com/google/code/gson/gson/2.8.5/gson-2.8.5.jar:/Users/anna_kosolapova1/.m2/repository/org/apache/httpcomponents/httpclient/4.5.9/httpclient-4.5.9.jar:/Users/anna_kosolapova1/.m2/repository/org/apache/httpcomponents/httpcore/4.4.11/httpcore-4.4.11.jar:/Users/anna_kosolapova1/.m2/repository/commons-logging/commons-logging/1.2/commons-logging-1.2.jar:/Users/anna_kosolapova1/.m2/repository/commons-codec/commons-codec/1.11/commons-codec-1.11.jar:/Users/anna_kosolapova1/.m2/repository/cglib/cglib/3.2.12/cglib-3.2.12.jar:/Users/anna_kosolapova1/.m2/repository/org/ow2/asm/asm/7.1/asm-7.1.jar:/Users/anna_kosolapova1/.m2/repository/commons-validator/commons-validator/1.6/commons-validator-1.6.jar:/Users/anna_kosolapova1/.m2/repository/commons-beanutils/commons-beanutils/1.9.2/commons-beanutils-1.9.2.jar:/Users/anna_kosolapova1/.m2/repository/commons-digester/commons-digester/1.8.1/commons-digester-1.8.1.jar:/Users/anna_kosolapova1/.m2/repository/commons-collections/commons-collections/3.2.2/commons-collections-3.2.2.jar:/Users/anna_kosolapova1/.m2/repository/org/apache/commons/commons-lang3/3.9/commons-lang3-3.9.jar:/Users/anna_kosolapova1/.m2/repository/commons-io/commons-io/2.6/commons-io-2.6.jar:/Users/anna_kosolapova1/.m2/repository/org/springframework/spring-context/5.1.8.RELEASE/spring-context-5.1.8.RELEASE.jar:/Users/anna_kosolapova1/.m2/repository/org/springframework/spring-aop/5.1.8.RELEASE/spring-aop-5.1.8.RELEASE.jar:/Users/anna_kosolapova1/.m2/repository/org/springframework/spring-beans/5.1.8.RELEASE/spring-beans-5.1.8.RELEASE.jar:/Users/anna_kosolapova1/.m2/repository/org/springframework/spring-core/5.1.8.RELEASE/spring-core-5.1.8.RELEASE.jar:/Users/anna_kosolapova1/.m2/repository/org/springframework/spring-jcl/5.1.8.RELEASE/spring-jcl-5.1.8.RELEASE.jar:/Users/anna_kosolapova1/.m2/repository/org/springframework/spring-expression/5.1.8.RELEASE/spring-expression-5.1.8.RELEASE.jar:/Users/anna_kosolapova1/.m2/repository/org/aspectj/aspectjweaver/1.9.4/aspectjweaver-1.9.4.jar:/Users/anna_kosolapova1/.m2/repository/org/slf4j/slf4j-api/1.7.26/slf4j-api-1.7.26.jar:/Users/anna_kosolapova1/.m2/repository/org/testng/testng/7.1.0/testng-7.1.0.jar:/Users/anna_kosolapova1/.m2/repository/com/beust/jcommander/1.72/jcommander-1.72.jar:/Users/anna_kosolapova1/.m2/repository/com/google/inject/guice/4.1.0/guice-4.1.0-no_aop.jar:/Users/anna_kosolapova1/.m2/repository/javax/inject/javax.inject/1/javax.inject-1.jar:/Users/anna_kosolapova1/.m2/repository/aopalliance/aopalliance/1.0/aopalliance-1.0.jar:/Users/anna_kosolapova1/.m2/repository/org/yaml/snakeyaml/1.21/snakeyaml-1.21.jar:/Users/anna_kosolapova1/.m2/repository/org/assertj/assertj-core/3.22.0/assertj-core-3.22.0.jar:"/>
    <property name="sun.cpu.endian" value="little"/>
    <property name="user.home" value="/Users/anna_kosolapova1"/>
    <property name="user.language" value="ru"/>
    <property name="java.specification.vendor" value="Oracle Corporation"/>
    <property name="java.version.date" value="2023-01-17"/>
    <property name="java.home" value="/usr/local/Cellar/openjdk/19.0.2/libexec/openjdk.jdk/Contents/Home"/>
    <property name="file.separator" value="/"/>
    <property name="basedir" value="/Users/anna_kosolapova1/IdeaProjects/AnnaKosolapovaMobile"/>
    <property name="java.vm.compressedOopsMode" value="Zero based"/>
    <property name="line.separator" value="&#10;"/>
    <property name="java.vm.specification.vendor" value="Oracle Corporation"/>
    <property name="java.specification.name" value="Java Platform API Specification"/>
    <property name="apple.awt.application.name" value="ForkedBooter"/>
    <property name="surefire.real.class.path" value="/Users/anna_kosolapova1/IdeaProjects/AnnaKosolapovaMobile/target/surefire/surefirebooter-20230209193134971_3.jar"/>
    <property name="sun.management.compiler" value="HotSpot 64-Bit Tiered Compilers"/>
    <property name="java.runtime.version" value="19.0.2"/>
    <property name="user.name" value="anna_kosolapova1"/>
    <property name="stdout.encoding" value="UTF-8"/>
    <property name="path.separator" value=":"/>
    <property name="os.version" value="13.2"/>
    <property name="java.runtime.name" value="OpenJDK Runtime Environment"/>
    <property name="file.encoding" value="UTF-8"/>
    <property name="java.vm.name" value="OpenJDK 64-Bit Server VM"/>
    <property name="java.vendor.version" value="Homebrew"/>
    <property name="localRepository" value="/Users/anna_kosolapova1/.m2/repository"/>
    <property name="java.vendor.url.bug" value="https://github.com/Homebrew/homebrew-core/issues"/>
    <property name="java.io.tmpdir" value="/var/folders/sh/5mxg281x4qd2kptp5_h3h3q00000gp/T/"/>
    <property name="java.version" value="19.0.2"/>
    <property name="user.dir" value="/Users/anna_kosolapova1/IdeaProjects/AnnaKosolapovaMobile"/>
    <property name="os.arch" value="x86_64"/>
    <property name="java.vm.specification.name" value="Java Virtual Machine Specification"/>
    <property name="native.encoding" value="UTF-8"/>
    <property name="java.library.path" value="/Users/anna_kosolapova1/Library/Java/Extensions:/Library/Java/Extensions:/Network/Library/Java/Extensions:/System/Library/Java/Extensions:/usr/lib/java:."/>
    <property name="java.vm.info" value="mixed mode, sharing"/>
    <property name="stderr.encoding" value="UTF-8"/>
    <property name="java.vendor" value="Homebrew"/>
    <property name="java.vm.version" value="19.0.2"/>
    <property name="sun.io.unicode.encoding" value="UnicodeBig"/>
    <property name="java.class.version" value="63.0"/>
  </properties>
  <testcase name="setUp[Android, native, emulator-5554, , ./src/main/resources/EPAMTestApp.apk](0)" classname="scenarios.webMobileTests" time="8.234">
    <failure message="java.lang.NoSuchMethodException: jdk.proxy2.$Proxy8.proxyClassLookup()" type="java.lang.RuntimeException"><![CDATA[java.lang.RuntimeException: java.lang.NoSuchMethodException: jdk.proxy2.$Proxy8.proxyClassLookup()
	at io.appium.java_client.pagefactory.bys.builder.AppiumByBuilder.prepareAnnotationMethods(AppiumByBuilder.java:84)
	at io.appium.java_client.pagefactory.bys.builder.AppiumByBuilder.getFilledValue(AppiumByBuilder.java:91)
	at io.appium.java_client.pagefactory.bys.builder.AppiumByBuilder.createBy(AppiumByBuilder.java:147)
	at io.appium.java_client.pagefactory.DefaultElementByBuilder.getBys(DefaultElementByBuilder.java:133)
	at io.appium.java_client.pagefactory.DefaultElementByBuilder.buildMobileNativeBy(DefaultElementByBuilder.java:170)
	at io.appium.java_client.pagefactory.DefaultElementByBuilder.buildBy(DefaultElementByBuilder.java:204)
	at io.appium.java_client.pagefactory.AppiumElementLocatorFactory.createLocator(AppiumElementLocatorFactory.java:66)
	at io.appium.java_client.pagefactory.AppiumElementLocatorFactory.createLocator(AppiumElementLocatorFactory.java:53)
	at io.appium.java_client.pagefactory.AppiumElementLocatorFactory.createLocator(AppiumElementLocatorFactory.java:1)
	at org.openqa.selenium.support.pagefactory.DefaultFieldDecorator.decorate(DefaultFieldDecorator.java:56)
	at io.appium.java_client.pagefactory.AppiumFieldDecorator.decorate(AppiumFieldDecorator.java:160)
	at org.openqa.selenium.support.PageFactory.proxyFields(PageFactory.java:113)
	at org.openqa.selenium.support.PageFactory.initElements(PageFactory.java:105)
	at pageObjects.NativePageObject.<init>(NativePageObject.java:11)
	at pageObjects.PageObject.<init>(PageObject.java:21)
	at setup.BaseTest.setPageObject(BaseTest.java:62)
	at setup.BaseTest.setUp(BaseTest.java:30)
	at java.base/jdk.internal.reflect.DirectMethodHandleAccessor.invoke(DirectMethodHandleAccessor.java:104)
	at java.base/java.lang.reflect.Method.invoke(Method.java:578)
	at org.testng.internal.MethodInvocationHelper.invokeMethod(MethodInvocationHelper.java:134)
	at org.testng.internal.MethodInvocationHelper.invokeMethodConsideringTimeout(MethodInvocationHelper.java:63)
	at org.testng.internal.ConfigInvoker.invokeConfigurationMethod(ConfigInvoker.java:348)
	at org.testng.internal.ConfigInvoker.invokeConfigurations(ConfigInvoker.java:302)
	at org.testng.SuiteRunner.privateRun(SuiteRunner.java:327)
	at org.testng.SuiteRunner.run(SuiteRunner.java:286)
	at org.testng.SuiteRunnerWorker.runSuite(SuiteRunnerWorker.java:53)
	at org.testng.SuiteRunnerWorker.run(SuiteRunnerWorker.java:96)
	at org.testng.TestNG.runSuitesSequentially(TestNG.java:1187)
	at org.testng.TestNG.runSuitesLocally(TestNG.java:1109)
	at org.testng.TestNG.runSuites(TestNG.java:1039)
	at org.testng.TestNG.run(TestNG.java:1007)
	at org.apache.maven.surefire.testng.TestNGExecutor.run(TestNGExecutor.java:324)
	at org.apache.maven.surefire.testng.TestNGXmlTestSuite.execute(TestNGXmlTestSuite.java:74)
	at org.apache.maven.surefire.testng.TestNGProvider.invoke(TestNGProvider.java:123)
	at org.apache.maven.surefire.booter.ForkedBooter.runSuitesInProcess(ForkedBooter.java:456)
	at org.apache.maven.surefire.booter.ForkedBooter.execute(ForkedBooter.java:169)
	at org.apache.maven.surefire.booter.ForkedBooter.run(ForkedBooter.java:595)
	at org.apache.maven.surefire.booter.ForkedBooter.main(ForkedBooter.java:581)
Caused by: java.lang.NoSuchMethodException: jdk.proxy2.$Proxy8.proxyClassLookup()
	at java.base/java.lang.Class.getMethod(Class.java:2277)
	at io.appium.java_client.pagefactory.bys.builder.AppiumByBuilder.prepareAnnotationMethods(AppiumByBuilder.java:82)
	... 37 more
]]></failure>
    <system-out><![CDATA[Before: app type - native
Current app type: native
]]></system-out>
    <system-err><![CDATA[февр. 09, 2023 7:31:43 PM io.appium.java_client.remote.AppiumCommandExecutor$1 lambda$0
INFO: Detected dialect: W3C
]]></system-err>
  </testcase>
  <testcase name="registrationNativeTest" classname="scenarios.NativeMobileTests" time="0">
    <skipped message="java.lang.NoSuchMethodException: jdk.proxy2.$Proxy8.proxyClassLookup()"/>
  </testcase>
  <testcase name="loginNativeTest" classname="scenarios.NativeMobileTests" time="0">
    <skipped message="java.lang.NoSuchMethodException: jdk.proxy2.$Proxy8.proxyClassLookup()"/>
  </testcase>
</testsuite>