<?xml version="1.0" encoding="UTF-8"?>
<!-- Generated by org.testng.reporters.JUnitReportReporter -->
<testsuite hostname="EPRUPETW072A" failures="0" tests="2" name="scenarios.NativeMobileTests" time="0.000" errors="0" timestamp="2023-02-09T19:31:44 CET" skipped="2">
  <testcase classname="scenarios.NativeMobileTests" name="registrationNativeTest" time="0.000">
    <skipped/>
  </testcase> <!-- registrationNativeTest -->
  <system-out/>
  <testcase classname="scenarios.NativeMobileTests" name="loginNativeTest" time="0.000">
    <skipped/>
  </testcase> <!-- loginNativeTest -->
  <system-out/>
</testsuite> <!-- scenarios.NativeMobileTests -->
